<?xml version="1.0" encoding="UTF-8"?>
<!-- Generated by org.testng.reporters.JUnitXMLReporter -->
<testsuite ignored="0" hostname="Nothing" failures="0" tests="3" name="UtilTests" time="0.065" errors="0" timestamp="2025-01-14T15:53:25 IST">
  <testcase classname="com.mplatform.framework.utiltests.ExcelOpsTests" name="getDataTest" time="0.016"/>
  <testcase classname="com.mplatform.framework.utiltests.ExcelOpsTests" name="getDataTest2" time="0.001"/>
  <testcase classname="com.mplatform.framework.utiltests.ExcelOpsTests" name="getDataTest3" time="0.002"/>
</testsuite> <!-- UtilTests -->
