<?xml version="1.0" encoding="UTF-8"?>
<!-- Generated by org.testng.reporters.JUnitXMLReporter -->
<testsuite ignored="0" hostname="Nothing" failures="1" tests="2" name="UtilTests" time="0.765" errors="0" timestamp="2025-01-14T21:19:03 IST">
  <testcase classname="com.mplatform.framework.utiltests.ExcelOpsTests" name="getDataTest" time="0.715"/>
  <testcase classname="com.mplatform.framework.utiltests.PropertiesFileOpsTests" name="getconfigpropertytest" time="0.006">
    <failure type="java.lang.NullPointerException" message="Cannot invoke &amp;quot;java.util.Properties.get(Object)&amp;quot; because &amp;quot;prop&amp;quot; is null">
      <![CDATA[java.lang.NullPointerException: Cannot invoke "java.util.Properties.get(Object)" because "prop" is null
at com.mplatform.framework.utiltests.PropertiesFileOpsTests.getconfigpropertytest(PropertiesFileOpsTests.java:23)
at java.base/java.util.ArrayList.forEach(ArrayList.java:1596)
... Removed 25 stack frames]]>
    </failure>
  </testcase> <!-- getconfigpropertytest -->
</testsuite> <!-- UtilTests -->
