<?xml version="1.0" encoding="UTF-8"?>
<!-- Generated by org.testng.reporters.JUnitXMLReporter -->
<testsuite ignored="0" hostname="Nothing" failures="0" tests="3" name="Default test" time="0.765" errors="0" timestamp="2025-01-14T16:48:52 IST">
  <testcase classname="com.mplatform.framework.utiltests.ExcelOpsTests" name="getDataTest" time="0.691"/>
  <testcase classname="com.mplatform.framework.utiltests.ExcelOpsTests" name="getDataTest2" time="0.003"/>
  <testcase classname="com.mplatform.framework.utiltests.ExcelOpsTests" name="getDataTest3" time="0.002"/>
</testsuite> <!-- Default test -->
