<?xml version="1.0" encoding="UTF-8"?>
<testng-results ignored="0" total="3" passed="3" failed="0" skipped="0">
  <reporter-output>
  </reporter-output>
  <suite started-at="2025-01-14T16:48:51 IST" name="Default suite" finished-at="2025-01-14T16:48:52 IST" duration-ms="765">
    <groups>
    </groups>
    <test started-at="2025-01-14T16:48:51 IST" name="Default test" finished-at="2025-01-14T16:48:52 IST" duration-ms="765">
      <class name="com.mplatform.framework.utiltests.ExcelOpsTests">
        <test-method signature="getDataTest()[pri:0, instance:com.mplatform.framework.utiltests.ExcelOpsTests@515aebb0]" started-at="2025-01-14T16:48:51 IST" name="getDataTest" finished-at="2025-01-14T16:48:52 IST" duration-ms="691" status="PASS">
          <reporter-output>
          </reporter-output>
        </test-method> <!-- getDataTest -->
        <test-method signature="getDataTest2()[pri:0, instance:com.mplatform.framework.utiltests.ExcelOpsTests@515aebb0]" started-at="2025-01-14T16:48:52 IST" name="getDataTest2" finished-at="2025-01-14T16:48:52 IST" duration-ms="3" status="PASS">
          <reporter-output>
          </reporter-output>
        </test-method> <!-- getDataTest2 -->
        <test-method signature="getDataTest3()[pri:0, instance:com.mplatform.framework.utiltests.ExcelOpsTests@515aebb0]" started-at="2025-01-14T16:48:52 IST" name="getDataTest3" finished-at="2025-01-14T16:48:52 IST" duration-ms="2" status="PASS">
          <reporter-output>
          </reporter-output>
        </test-method> <!-- getDataTest3 -->
      </class> <!-- com.mplatform.framework.utiltests.ExcelOpsTests -->
    </test> <!-- Default test -->
  </suite> <!-- Default suite -->
</testng-results>
