<?xml version="1.0" encoding="UTF-8"?>
<testng-results ignored="0" total="3" passed="3" failed="0" skipped="0">
  <reporter-output>
  </reporter-output>
  <suite started-at="2025-05-01T10:50:58 IST" name="Suite" finished-at="2025-05-01T10:50:58 IST" duration-ms="58">
    <groups>
    </groups>
    <test started-at="2025-05-01T10:50:58 IST" name="Test" finished-at="2025-05-01T10:50:58 IST" duration-ms="58">
      <class name="com.mplatform.framework.pagefactory.webapp.saucedemotests.LoginPageTests">
        <test-method signature="loginTest()[pri:0, instance:com.mplatform.framework.pagefactory.webapp.saucedemotests.LoginPageTests@13c9d689]" started-at="2025-05-01T10:50:58 IST" name="loginTest" finished-at="2025-05-01T10:50:58 IST" duration-ms="9" status="PASS">
          <reporter-output>
          </reporter-output>
        </test-method> <!-- loginTest -->
        <test-method signature="loginTest1()[pri:0, instance:com.mplatform.framework.pagefactory.webapp.saucedemotests.LoginPageTests@13c9d689]" started-at="2025-05-01T10:50:58 IST" name="loginTest1" finished-at="2025-05-01T10:50:58 IST" duration-ms="2" status="PASS">
          <reporter-output>
          </reporter-output>
        </test-method> <!-- loginTest1 -->
        <test-method signature="loginTest2()[pri:0, instance:com.mplatform.framework.pagefactory.webapp.saucedemotests.LoginPageTests@13c9d689]" started-at="2025-05-01T10:50:58 IST" name="loginTest2" finished-at="2025-05-01T10:50:58 IST" duration-ms="1" status="PASS">
          <reporter-output>
          </reporter-output>
        </test-method> <!-- loginTest2 -->
      </class> <!-- com.mplatform.framework.pagefactory.webapp.saucedemotests.LoginPageTests -->
    </test> <!-- Test -->
  </suite> <!-- Suite -->
</testng-results>
